<?xml version="1.0" encoding="UTF-8"?>
<testsuite failures="0" errors="0" skipped="0" tests="1" time="21.129527" name="Sauce Labs Free Trial">
<testcase classname="Sauce Labs Free Trial" name="Verify Free Trial sign-up form" time="21.129527">
  <system-out>
    <![CDATA[]]>
  </system-out>
  <system-err>
    <![CDATA[]]>
  </system-err>
</testcase>
</testsuite>
